
R version 3.3.1 (2016-06-21) -- "Bug in Your Hair"
Copyright (C) 2016 The R Foundation for Statistical Computing
Platform: i386-w64-mingw32/i386 (32-bit)

R is free software and comes with ABSOLUTELY NO WARRANTY.
You are welcome to redistribute it under certain conditions.
Type 'license()' or 'licence()' for distribution details.

  Natural language support but running in an English locale

R is a collaborative project with many contributors.
Type 'contributors()' for more information and
'citation()' on how to cite R or R packages in publications.

Type 'demo()' for some demos, 'help()' for on-line help, or
'help.start()' for an HTML browser interface to help.
Type 'q()' to quit R.

[Previously saved workspace restored]

> require(shiny)
Loading required package: shiny
> 
> options(echo = FALSE) # To print messages on the console

Listening on http://192.168.1.10:4979

Attaching package: 'lubridate'

The following object is masked from 'package:plyr':

    here

The following object is masked from 'package:base':

    date


Attaching package: 'shinydashboard'

The following object is masked from 'package:graphics':

    box


Attaching package: 'DT'

The following objects are masked from 'package:shiny':

    dataTableOutput, renderDataTable

[1] BillToName      InvoiceNo       InvoiceDate     ItemCode       
[5] ProductLine     ItemCodeDesc    QuantityOrdered UnitPrice      
[9] ExtensionAmt   
<0 rows> (or 0-length row.names)
[1] "# of rows in salesHistory: 37"
[1] "******* Reading historical data for today *********"
[1] "*** IP: 192.168.1.10 ***"
[1] "*** In ReadHistoricalDataReactive ***"
[1] "2016-09-01"
NULL
[1] "# of rows in salesHistory: 653"
[1] "# of rows in salesHistory: 2589"
[1] BillToName      InvoiceNo       InvoiceDate     ItemCode       
[5] ProductLine     ItemCodeDesc    QuantityOrdered UnitPrice      
[9] ExtensionAmt   
<0 rows> (or 0-length row.names)
[1] "# of rows in salesHistory: 37"
[1] "******* Reading historical data for today *********"
[1] "*** IP: 192.168.1.10 ***"
[1] BillToName      InvoiceNo       InvoiceDate     ItemCode       
[5] ProductLine     ItemCodeDesc    QuantityOrdered UnitPrice      
[9] ExtensionAmt   
<0 rows> (or 0-length row.names)
[1] "# of rows in salesHistory: 37"
[1] "******* Reading historical data for today *********"
[1] "*** IP: 192.168.1.10 ***"
[1] "*** In ReadHistoricalDataReactive ***"
[1] "2016-09-01"
NULL
[1] "# of rows in salesHistory: 653"
Warning: closing unused RODBC handle 2
[1] BillToName      InvoiceNo       InvoiceDate     ItemCode       
[5] ProductLine     ItemCodeDesc    QuantityOrdered UnitPrice      
[9] ExtensionAmt   
<0 rows> (or 0-length row.names)
[1] "# of rows in salesHistory: 37"
[1] "******* Reading historical data for today *********"
[1] "*** IP: 192.168.1.10 ***"
[1] BillToName      InvoiceNo       InvoiceDate     ItemCode       
[5] ProductLine     ItemCodeDesc    QuantityOrdered UnitPrice      
[9] ExtensionAmt   
<0 rows> (or 0-length row.names)
[1] "# of rows in salesHistory: 37"
[1] "******* Reading historical data for today *********"
[1] "*** IP: 192.168.1.10 ***"
[1] "*** In ReadHistoricalDataReactive ***"
[1] "2016-09-01"
NULL
[1] "# of rows in salesHistory: 653"
[1] BillToName      InvoiceNo       InvoiceDate     ItemCode       
[5] ProductLine     ItemCodeDesc    QuantityOrdered UnitPrice      
[9] ExtensionAmt   
<0 rows> (or 0-length row.names)
[1] "# of rows in salesHistory: 37"
[1] "******* Reading historical data for today *********"
[1] "*** IP: 192.168.1.10 ***"
[1] "*** In ReadHistoricalDataReactive ***"
[1] "2016-09-01"
NULL
[1] "# of rows in salesHistory: 653"
Warning: closing unused RODBC handle 4
[1] "*** In ReadHistoricalDataReactive ***"
[1] "2016-09-01"
 [1] "AMAZON DROPSHIP"           "Careline Medical Supplies"
 [3] "CVS.com/TPF"               "Drugstore.com"            
 [5] "eBay"                      "Groupon Goods"            
 [7] "Health Products for You"   "Medbarn.com"              
 [9] "Walgreens Co."             "Walmart"                  
[1] "# of rows in salesHistory: 653"
[1] "*** In ReadHistoricalDataReactive ***"
[1] "2016-09-01"
 [1] "AMAZON DROPSHIP"           "Careline Medical Supplies"
 [3] "CVS.com/TPF"               "Drugstore.com"            
 [5] "eBay"                      "Groupon Goods"            
 [7] "Health Products for You"   "Medbarn.com"              
 [9] "Walgreens Co."             "Walmart"                  
[11] "Zulily Inc"                "AMAZON.COM"               
[13] "Shoebuy.com, Inc."         "The Betty Mills Company"  
[15] "UnbeatableSale Inc"        "AMAZON FBA-MEDBARN"       
[17] "Target.com"                "Amazon.com"               
[1] "# of rows in salesHistory: 791"
Warning: closing unused RODBC handle 3
Warning: closing unused RODBC handle 1
geom_path: Each group consists of only one observation. Do you need to adjust
the group aesthetic?
[1] "*** In ReadHistoricalDataReactive ***"
[1] "2016-09-01"
NULL
[1] "# of rows in salesHistory: 653"
[1] "*** In ReadHistoricalDataReactive ***"
[1] "2016-09-01"
 [1] "AMAZON DROPSHIP"           "Careline Medical Supplies"
 [3] "CVS.com/TPF"               "Drugstore.com"            
 [5] "eBay"                      "Groupon Goods"            
 [7] "Health Products for You"   "Medbarn.com"              
 [9] "Walgreens Co."             "Walmart"                  
[11] "Zulily Inc"               
[1] "# of rows in salesHistory: 653"
[1] "*** In ReadHistoricalDataReactive ***"
[1] "2016-09-01"
 [1] "AMAZON DROPSHIP"           "Careline Medical Supplies"
 [3] "CVS.com/TPF"               "Drugstore.com"            
 [5] "eBay"                      "Groupon Goods"            
 [7] "Health Products for You"   "Medbarn.com"              
 [9] "Walgreens Co."             "Walmart"                  
[11] "Zulily Inc"                "The Betty Mills Company"  
[1] "# of rows in salesHistory: 655"
geom_path: Each group consists of only one observation. Do you need to adjust
the group aesthetic?
[1] "*** In ReadHistoricalDataReactive ***"
[1] "2016-09-01"
 [1] "AMAZON DROPSHIP"           "Careline Medical Supplies"
 [3] "CVS.com/TPF"               "Drugstore.com"            
 [5] "eBay"                      "Groupon Goods"            
 [7] "Health Products for You"   "Medbarn.com"              
 [9] "Walgreens Co."             "Walmart"                  
[11] "Zulily Inc"                "The Betty Mills Company"  
[13] "UnbeatableSale Inc"       
[1] "# of rows in salesHistory: 661"
geom_path: Each group consists of only one observation. Do you need to adjust
the group aesthetic?
[1] BillToName      InvoiceNo       InvoiceDate     ItemCode       
[5] ProductLine     ItemCodeDesc    QuantityOrdered UnitPrice      
[9] ExtensionAmt   
<0 rows> (or 0-length row.names)
[1] "# of rows in salesHistory: 37"
[1] "******* Reading historical data for today *********"
[1] "*** IP: 192.168.1.10 ***"
[1] "*** In ReadHistoricalDataReactive ***"
[1] "2016-09-01"
NULL
[1] "# of rows in salesHistory: 653"
[1] BillToName      InvoiceNo       InvoiceDate     ItemCode       
[5] ProductLine     ItemCodeDesc    QuantityOrdered UnitPrice      
[9] ExtensionAmt   
<0 rows> (or 0-length row.names)
[1] "# of rows in salesHistory: 37"
[1] "******* Reading historical data for today *********"
[1] "*** IP: 192.168.1.10 ***"
[1] "*** In ReadHistoricalDataReactive ***"
[1] "2016-09-01"
NULL
[1] "# of rows in salesHistory: 653"
 [1] Careline Medical Supplies Health Products for You  
 [3] Zulily Inc                AMAZON.COM               
 [5] CVS.com/TPF               Drugstore.com            
 [7] Medbarn.com               Shoebuy.com, Inc.        
 [9] The Betty Mills Company   UnbeatableSale Inc       
[11] Walgreens Co.             Walmart                  
[13] eBay                      Groupon Goods            
[15] AMAZON FBA-MEDBARN        Amazon.com               
[17] Target.com                AMAZON DROPSHIP          
18 Levels: AMAZON DROPSHIP AMAZON FBA-MEDBARN Amazon.com ... Zulily Inc
[1] BillToName      InvoiceNo       InvoiceDate     ItemCode       
[5] ProductLine     ItemCodeDesc    QuantityOrdered UnitPrice      
[9] ExtensionAmt   
<0 rows> (or 0-length row.names)
[1] "# of rows in salesHistory: 37"
[1] "******* Reading historical data for today *********"
[1] "*** IP: 192.168.1.10 ***"
[1] "*** In ReadHistoricalDataReactive ***"
[1] "2016-09-01"
NULL
[1] "# of rows in salesHistory: 653"
Warning: closing unused RODBC handle 8
[1] BillToName      InvoiceNo       InvoiceDate     ItemCode       
[5] ProductLine     ItemCodeDesc    QuantityOrdered UnitPrice      
[9] ExtensionAmt   
<0 rows> (or 0-length row.names)
[1] "# of rows in salesHistory: 37"
[1] "******* Reading historical data for today *********"
[1] "*** IP: 192.168.1.10 ***"
[1] "*** In ReadHistoricalDataReactive ***"
[1] "2016-09-01"
NULL
[1] "# of rows in salesHistory: 653"
 [1] "Careline Medical Supplies" "Health Products for You"  
 [3] "Zulily Inc"                "AMAZON.COM"               
 [5] "CVS.com/TPF"               "Drugstore.com"            
 [7] "Medbarn.com"               "Shoebuy.com, Inc."        
 [9] "The Betty Mills Company"   "UnbeatableSale Inc"       
[11] "Walgreens Co."             "Walmart"                  
[13] "eBay"                      "Groupon Goods"            
[15] "AMAZON FBA-MEDBARN"        "Amazon.com"               
[17] "Target.com"                "AMAZON DROPSHIP"          
[1] BillToName      InvoiceNo       InvoiceDate     ItemCode       
[5] ProductLine     ItemCodeDesc    QuantityOrdered UnitPrice      
[9] ExtensionAmt   
<0 rows> (or 0-length row.names)
[1] "# of rows in salesHistory: 37"
[1] "******* Reading historical data for today *********"
[1] "*** IP: 192.168.1.10 ***"
[1] "***** UPDATING STORE NAMES SELECTIZE INPUT*********"
 [1] "Careline Medical Supplies" "Health Products for You"  
 [3] "Zulily Inc"                "AMAZON.COM"               
 [5] "CVS.com/TPF"               "Drugstore.com"            
 [7] "Medbarn.com"               "Shoebuy.com, Inc."        
 [9] "The Betty Mills Company"   "UnbeatableSale Inc"       
[11] "Walgreens Co."             "Walmart"                  
[13] "eBay"                      "Groupon Goods"            
[15] "AMAZON FBA-MEDBARN"        "Amazon.com"               
[17] "Target.com"                "AMAZON DROPSHIP"          
 [1] AMAZON DROPSHIP           Careline Medical Supplies
 [3] CVS.com/TPF               Drugstore.com            
 [5] eBay                      Groupon Goods            
 [7] Health Products for You   Medbarn.com              
 [9] Walgreens Co.             Walmart                  
10 Levels: AMAZON DROPSHIP Careline Medical Supplies ... Walmart
[1] "*** In ReadHistoricalDataReactive ***"
[1] "2016-09-01"
NULL
[1] "# of rows in salesHistory: 653"
[1] "# of rows in salesHistory: 2589"
Warning: closing unused RODBC handle 9
Warning: closing unused RODBC handle 7
Warning: closing unused RODBC handle 6
Warning: closing unused RODBC handle 5
[1] "# of rows in salesHistory: 2589"
[1] "# of rows in salesHistory: 2589"
[1] "# of rows in salesHistory: 2589"
[1] "# of rows in salesHistory: 1186"
[1] "# of rows in salesHistory: 8172"
[1] "# of rows in salesHistory: 8172"
[1] "# of rows in salesHistory: 8172"
[1] "# of rows in salesHistory: 8172"
 [1] "Careline Medical Supplies" "Health Products for You"  
 [3] "Zulily Inc"                "AMAZON.COM"               
 [5] "CVS.com/TPF"               "Drugstore.com"            
 [7] "Medbarn.com"               "Shoebuy.com, Inc."        
 [9] "The Betty Mills Company"   "UnbeatableSale Inc"       
[11] "Walgreens Co."             "Walmart"                  
[13] "eBay"                      "Groupon Goods"            
[15] "AMAZON FBA-MEDBARN"        "Amazon.com"               
[17] "Target.com"                "AMAZON DROPSHIP"          
[1] BillToName      InvoiceNo       InvoiceDate     ItemCode       
[5] ProductLine     ItemCodeDesc    QuantityOrdered UnitPrice      
[9] ExtensionAmt   
<0 rows> (or 0-length row.names)
[1] "# of rows in salesHistory: 37"
[1] "******* Reading historical data for today *********"
[1] "*** IP: 192.168.1.10 ***"
[1] "***** UPDATING STORE NAMES SELECTIZE INPUT*********"
 [1] "Careline Medical Supplies" "Health Products for You"  
 [3] "Zulily Inc"                "AMAZON.COM"               
 [5] "CVS.com/TPF"               "Drugstore.com"            
 [7] "Medbarn.com"               "Shoebuy.com, Inc."        
 [9] "The Betty Mills Company"   "UnbeatableSale Inc"       
[11] "Walgreens Co."             "Walmart"                  
[13] "eBay"                      "Groupon Goods"            
[15] "AMAZON FBA-MEDBARN"        "Amazon.com"               
[17] "Target.com"                "AMAZON DROPSHIP"          
 [1] AMAZON DROPSHIP           Careline Medical Supplies
 [3] CVS.com/TPF               Drugstore.com            
 [5] eBay                      Groupon Goods            
 [7] Health Products for You   Medbarn.com              
 [9] Walgreens Co.             Walmart                  
10 Levels: AMAZON DROPSHIP Careline Medical Supplies ... Walmart
[1] "*** In ReadHistoricalDataReactive ***"
[1] "2016-09-01"
NULL
[1] "# of rows in salesHistory: 653"
[1] BillToName      InvoiceNo       InvoiceDate     ItemCode       
[5] ProductLine     ItemCodeDesc    QuantityOrdered UnitPrice      
[9] ExtensionAmt   
<0 rows> (or 0-length row.names)
[1] "# of rows in salesHistory: 37"
[1] "******* Reading historical data for today *********"
[1] "*** IP: 192.168.1.10 ***"
[1] "***** UPDATING STORE NAMES SELECTIZE INPUT*********"
 [1] "Careline Medical Supplies" "Health Products for You"  
 [3] "Zulily Inc"                "AMAZON.COM"               
 [5] "CVS.com/TPF"               "Drugstore.com"            
 [7] "Medbarn.com"               "Shoebuy.com, Inc."        
 [9] "The Betty Mills Company"   "UnbeatableSale Inc"       
[11] "Walgreens Co."             "Walmart"                  
[13] "eBay"                      "Groupon Goods"            
[15] "AMAZON FBA-MEDBARN"        "Amazon.com"               
[17] "Target.com"                "AMAZON DROPSHIP"          
 [1] AMAZON DROPSHIP           Careline Medical Supplies
 [3] CVS.com/TPF               Drugstore.com            
 [5] eBay                      Groupon Goods            
 [7] Health Products for You   Medbarn.com              
 [9] Walgreens Co.             Walmart                  
10 Levels: AMAZON DROPSHIP Careline Medical Supplies ... Walmart
[1] "*** In ReadHistoricalDataReactive ***"
[1] "2016-09-01"
NULL
[1] "# of rows in salesHistory: 653"
[1] BillToName      InvoiceNo       InvoiceDate     ItemCode       
[5] ProductLine     ItemCodeDesc    QuantityOrdered UnitPrice      
[9] ExtensionAmt   
<0 rows> (or 0-length row.names)
[1] "# of rows in salesHistory: 37"
[1] "******* Reading historical data for today *********"
[1] "*** IP: 192.168.1.10 ***"
Warning: closing unused RODBC handle 13
Warning: closing unused RODBC handle 12
[1] "***** UPDATING STORE NAMES SELECTIZE INPUT*********"
 [1] "Careline Medical Supplies" "Health Products for You"  
 [3] "Zulily Inc"                "AMAZON.COM"               
 [5] "CVS.com/TPF"               "Drugstore.com"            
 [7] "Medbarn.com"               "Shoebuy.com, Inc."        
 [9] "The Betty Mills Company"   "UnbeatableSale Inc"       
[11] "Walgreens Co."             "Walmart"                  
[13] "eBay"                      "Groupon Goods"            
[15] "AMAZON FBA-MEDBARN"        "Amazon.com"               
[17] "Target.com"                "AMAZON DROPSHIP"          
 [1] AMAZON DROPSHIP           Careline Medical Supplies
 [3] CVS.com/TPF               Drugstore.com            
 [5] eBay                      Groupon Goods            
 [7] Health Products for You   Medbarn.com              
 [9] Walgreens Co.             Walmart                  
10 Levels: AMAZON DROPSHIP Careline Medical Supplies ... Walmart
[1] "*** In ReadHistoricalDataReactive ***"
[1] "2016-09-01"
NULL
[1] "# of rows in salesHistory: 653"
[1] "*** In ReadHistoricalDataReactive ***"
[1] "2016-06-27"
 [1] "AMAZON DROPSHIP"           "Careline Medical Supplies"
 [3] "CVS.com/TPF"               "Drugstore.com"            
 [5] "eBay"                      "Groupon Goods"            
 [7] "Health Products for You"   "Medbarn.com"              
 [9] "Walgreens Co."             "Walmart"                  
[1] "# of rows in salesHistory: 3253"
[1] "*** In ReadHistoricalDataReactive ***"
[1] "2016-03-29"
 [1] "AMAZON DROPSHIP"           "Careline Medical Supplies"
 [3] "CVS.com/TPF"               "Drugstore.com"            
 [5] "eBay"                      "Groupon Goods"            
 [7] "Health Products for You"   "Medbarn.com"              
 [9] "Walgreens Co."             "Walmart"                  
[1] "# of rows in salesHistory: 6916"
[1] "*** In ReadHistoricalDataReactive ***"
[1] "2016-01-01"
 [1] "AMAZON DROPSHIP"           "Careline Medical Supplies"
 [3] "CVS.com/TPF"               "Drugstore.com"            
 [5] "eBay"                      "Groupon Goods"            
 [7] "Health Products for You"   "Medbarn.com"              
 [9] "Walgreens Co."             "Walmart"                  
[1] "# of rows in salesHistory: 10461"
[1] "*** In ReadHistoricalDataReactive ***"
[1] "2016-01-02"
 [1] "AMAZON DROPSHIP"           "Careline Medical Supplies"
 [3] "CVS.com/TPF"               "Drugstore.com"            
 [5] "eBay"                      "Groupon Goods"            
 [7] "Health Products for You"   "Medbarn.com"              
 [9] "Walgreens Co."             "Walmart"                  
[1] "# of rows in salesHistory: 10461"
Warning: closing unused RODBC handle 11
Warning: closing unused RODBC handle 10
[1] "*** In ReadHistoricalDataReactive ***"
[1] "2016-01-07"
 [1] "AMAZON DROPSHIP"           "Careline Medical Supplies"
 [3] "CVS.com/TPF"               "Drugstore.com"            
 [5] "eBay"                      "Groupon Goods"            
 [7] "Health Products for You"   "Medbarn.com"              
 [9] "Walgreens Co."             "Walmart"                  
[1] "# of rows in salesHistory: 10197"
[1] "*** In ReadHistoricalDataReactive ***"
[1] "2016-06-26"
 [1] "AMAZON DROPSHIP"           "Careline Medical Supplies"
 [3] "CVS.com/TPF"               "Drugstore.com"            
 [5] "eBay"                      "Groupon Goods"            
 [7] "Health Products for You"   "Medbarn.com"              
 [9] "Walgreens Co."             "Walmart"                  
[1] "# of rows in salesHistory: 3253"
[1] "*** In ReadHistoricalDataReactive ***"
[1] "2016-06-26"
 [1] "AMAZON DROPSHIP"           "Careline Medical Supplies"
 [3] "CVS.com/TPF"               "Drugstore.com"            
 [5] "eBay"                      "Groupon Goods"            
 [7] "Health Products for You"   "Medbarn.com"              
 [9] "Walgreens Co."             "Walmart"                  
[1] "# of rows in salesHistory: 3253"
[1] "*** In ReadHistoricalDataReactive ***"
[1] "2016-05-01"
 [1] "AMAZON DROPSHIP"           "Careline Medical Supplies"
 [3] "CVS.com/TPF"               "Drugstore.com"            
 [5] "eBay"                      "Groupon Goods"            
 [7] "Health Products for You"   "Medbarn.com"              
 [9] "Walgreens Co."             "Walmart"                  
[1] "# of rows in salesHistory: 5549"
[1] "*** In ReadHistoricalDataReactive ***"
[1] "2016-03-01"
 [1] "AMAZON DROPSHIP"           "Careline Medical Supplies"
 [3] "CVS.com/TPF"               "Drugstore.com"            
 [5] "eBay"                      "Groupon Goods"            
 [7] "Health Products for You"   "Medbarn.com"              
 [9] "Walgreens Co."             "Walmart"                  
[1] "# of rows in salesHistory: 8138"
[1] "*** In ReadHistoricalDataReactive ***"
[1] "2016-03-01"
 [1] "AMAZON DROPSHIP"           "Careline Medical Supplies"
 [3] "CVS.com/TPF"               "Drugstore.com"            
 [5] "eBay"                      "Groupon Goods"            
 [7] "Health Products for You"   "Medbarn.com"              
 [9] "Walgreens Co."             "Walmart"                  
[1] "# of rows in salesHistory: 8138"
[1] BillToName      InvoiceNo       InvoiceDate     ItemCode       
[5] ProductLine     ItemCodeDesc    QuantityOrdered UnitPrice      
[9] ExtensionAmt   
<0 rows> (or 0-length row.names)
[1] "# of rows in salesHistory: 37"
[1] "******* Reading historical data for today *********"
[1] "*** IP: 192.168.1.10 ***"
[1] "***** UPDATING STORE NAMES SELECTIZE INPUT*********"
 [1] "Careline Medical Supplies" "Health Products for You"  
 [3] "Zulily Inc"                "AMAZON.COM"               
 [5] "CVS.com/TPF"               "Drugstore.com"            
 [7] "Medbarn.com"               "Shoebuy.com, Inc."        
 [9] "The Betty Mills Company"   "UnbeatableSale Inc"       
[11] "Walgreens Co."             "Walmart"                  
[13] "eBay"                      "Groupon Goods"            
[15] "AMAZON FBA-MEDBARN"        "Amazon.com"               
[17] "Target.com"                "AMAZON DROPSHIP"          
 [1] AMAZON DROPSHIP           Careline Medical Supplies
 [3] CVS.com/TPF               Drugstore.com            
 [5] eBay                      Groupon Goods            
 [7] Health Products for You   Medbarn.com              
 [9] Walgreens Co.             Walmart                  
10 Levels: AMAZON DROPSHIP Careline Medical Supplies ... Walmart
[1] "*** In ReadHistoricalDataReactive ***"
[1] "2016-09-01"
NULL
[1] "# of rows in salesHistory: 653"
[1] "# of rows in salesHistory: 2589"
Warning: closing unused RODBC handle 14
[1] "# of rows in salesHistory: 33"
[1] "# of rows in salesHistory: 33"
[1] "# of rows in salesHistory: 185"
[1] "# of rows in salesHistory: 356"
[1] "# of rows in salesHistory: 815"
[1] "# of rows in salesHistory: 815"
[1] "# of rows in salesHistory: 2589"
[1] "# of rows in salesHistory: 2589"
[1] "# of rows in salesHistory: 7824"
[1] "*** In ReadHistoricalDataReactive ***"
[1] "2016-09-01"
 [1] "AMAZON DROPSHIP"           "Careline Medical Supplies"
 [3] "CVS.com/TPF"               "Drugstore.com"            
 [5] "eBay"                      "Groupon Goods"            
 [7] "Health Products for You"   "Medbarn.com"              
 [9] "Walgreens Co."             "Walmart"                  
[1] "# of rows in salesHistory: 653"
